<?xml version="1.0" encoding="UTF-8"?>
<logger class="org.jpos.util.DailyLogListener">
<log realm="Q2.system" at="2019-11-18T00:13:14.259">
  <info>
    Q2 started, deployDir=C:\tools\jpos-2.1.1-SNAPSHOT\jpos-2.1.1-SNAPSHOT\deploy
  </info>
</log>
<log realm="Q2.system" at="2019-11-18T00:13:16.116" lifespan="1824ms">
  <version>
    jPOS 2.1.1-SNAPSHOT master/a4d66c5 (2017-11-08 14:01:25 UTC) 

-----BEGIN PGP SIGNED MESSAGE-----
Hash: SHA1

jPOS Community Edition, licensed under GNU AGPL v3.0.
This software is probably not suitable for commercial use.
Please see http://jpos.org/license for details.

-----BEGIN PGP SIGNATURE-----
Version: GnuPG v1.4.9 (Darwin)

iQEcBAEBAgAGBQJMolHDAAoJEOQyeO71nYtFv74H/3OgehDGEy1VXp2U3/GcAobg
HH2eZjPUz53r38ARPiU3pzm9LwDa3WZgJJaa/b9VrJwKvbPwe9+0kY3gScDE1skT
ladHt+KHHmGQArEutkzHlpZa73RbroFEIa1qmN6MaDEHGoxZqDh0Sv2cpvOaVYGO
St8ZaddLBPC17bSjAPWo9sWbvL7FgPFOHhnPmbeux8SLtnfWxXWsgo5hLBanKmO1
1z+I/w/6DL6ZYZU6bAJUk+eyVVImJqw0x3IEElI07Nh9MC6BA4iJ77ejobj8HI2r
q9ulRPEqH9NR79619lNKVUkE206dVlXo7xHmJS1QZy5v/GT66xBxyDVfTduPFXk=
=oP+v
-----END PGP SIGNATURE-----

  </version>
</log>
<log realm="Q2.system" at="2019-11-18T00:13:16.139" lifespan="9ms">
  <info>
    deploy: C:\tools\jpos-2.1.1-SNAPSHOT\jpos-2.1.1-SNAPSHOT\deploy\99_sysmon.xml
  </info>
</log>
<log realm="org.jpos.q2.qbean.SystemMonitor" at="2019-11-18T00:13:16.149" lifespan="1ms">
  <info>
    Starting SystemMonitor
  </info>
</log>
<log realm="org.jpos.q2.qbean.SystemMonitor" at="2019-11-18T00:13:16.155">
  <info>
               OS: Windows 10 (10.0)
             Java: 1.8.0_231 (Oracle Corporation) AES-secure
     process name: 17640@DESKTOP-1QNUUJE
             host: DESKTOP-1QNUUJE/10.0.75.1
              cwd: C:\tools\jpos-2.1.1-SNAPSHOT\jpos-2.1.1-SNAPSHOT
       free space: 387.6 GiB
          version: 2.1.1-SNAPSHOT (a4d66c5)
         instance: b687302a-c3a2-4210-a694-2fe3256fb6b7
           uptime: 00:00:03.651 (-1.000000)
       processors: 4
           drift : 0
    memory(t/u/f): 182/13/168
         encoding: windows-1252
         timezone: Asia/Calcutta (India Time) +05:30
    watch service: sun.nio.fs.WindowsWatchService
            clock: 1574016196 2019-11-17T18:43:16.160Z
     thread count: 10
     peak threads: 10
     user threads: 6
            Thread[Reference Handler,10,system]
            Thread[Finalizer,8,system]
            Thread[Signal Dispatcher,9,system]
            Thread[Attach Listener,5,system]
            Thread[pool-1-thread-1,5,main]
            Thread[Q2-b687302a-c3a2-4210-a694-2fe3256fb6b7,5,main]
            Thread[DestroyJavaVM,5,main]
            Thread[Thread-1,5,main]
            Thread[Timer-0,5,main]
            Thread[SystemMonitor,5,main]
    name-registrar:
      Q2: org.jpos.q2.Q2
      logger.Q2: org.jpos.util.Logger
  </info>
</log>
<log realm="Q2.system" at="2019-11-18T00:16:37.461">
  <info>
    created deploy/50_xml_server.xml
    removed deploy/50_xml_server.xml
  </info>
</log>
<log realm="Q2.system" at="2019-11-18T00:16:38.252">
  <info>
    created deploy/50_xml_server.xml
  </info>
</log>
<log realm="Q2.system" at="2019-11-18T00:16:38.289" lifespan="32ms">
  <info>
    deploy: C:\tools\jpos-2.1.1-SNAPSHOT\jpos-2.1.1-SNAPSHOT\deploy\50_xml_server.xml
  </info>
</log>
<log realm="Q2.system" at="2019-11-18T00:16:38.967">
  <info>
    modified deploy/50_xml_server.xml
  </info>
</log>
<log realm="xml-server-8000.server" at="2019-11-18T00:16:39.009">
  <iso-server>
    listening on port 8000
  </iso-server>
</log>
<log realm="xml-server-8000.server.session/0:0:0:0:0:0:0:1:34284" at="2019-11-18T00:17:18.524">
  <session-start/>
</log>
<log realm="xml-server-8000/0:0:0:0:0:0:0:1:34284" at="2019-11-18T00:20:18.616" lifespan="180089ms">
  <receive>
    <io-timeout/>
  </receive>
</log>
<log realm="xml-server-8000.server.session/0:0:0:0:0:0:0:1:34284" at="2019-11-18T00:20:18.625">
  <session-end/>
</log>
<log realm="xml-server-8000.server.session/127.0.0.1:34461" at="2019-11-18T00:20:52.745">
  <session-start/>
</log>
<log realm="xml-server-8000/127.0.0.1:34461" at="2019-11-18T00:21:04.672" lifespan="11892ms">
  <receive>
    <peer-disconnect/>
  </receive>
</log>
<log realm="xml-server-8000.server.session/127.0.0.1:34461" at="2019-11-18T00:21:04.709">
  <session-end/>
</log>
<log realm="xml-server-8000.server.session/127.0.0.1:34597" at="2019-11-18T00:24:49.416" lifespan="1ms">
  <session-start/>
</log>
<log realm="xml-server-8000/127.0.0.1:34597" at="2019-11-18T00:24:58.173" lifespan="8754ms">
  <receive>
    <peer-disconnect/>
  </receive>
</log>
<log realm="xml-server-8000.server.session/127.0.0.1:34597" at="2019-11-18T00:24:58.184">
  <session-end/>
</log>
<log realm="Q2.system" at="2019-11-18T00:26:51.761">
  <info>
    created deploy/10_channel_jpos.xml
  </info>
</log>
<log realm="Q2.system" at="2019-11-18T00:26:51.767">
  <info>
    removed deploy/10_channel_jpos.xml
  </info>
</log>
<log realm="Q2.system" at="2019-11-18T00:26:52.382" lifespan="1ms">
  <info>
    created deploy/10_channel_jpos.xml
  </info>
</log>
<log realm="Q2.system" at="2019-11-18T00:26:52.418" lifespan="27ms">
  <info>
    deploy: C:\tools\jpos-2.1.1-SNAPSHOT\jpos-2.1.1-SNAPSHOT\deploy\10_channel_jpos.xml
  </info>
</log>
<log realm="Q2.system" at="2019-11-18T00:26:52.432">
  <info>
    modified deploy/10_channel_jpos.xml
  </info>
</log>
<log realm="Q2.system" at="2019-11-18T00:27:05.889">
  <info>
    created deploy/20_mux_jpos.xml
    removed deploy/20_mux_jpos.xml
  </info>
</log>
<log realm="Q2.system" at="2019-11-18T00:27:06.493">
  <info>
    created deploy/20_mux_jpos.xml
  </info>
</log>
<log realm="Q2.system" at="2019-11-18T00:27:06.701" lifespan="170ms">
  <info>
    deploy: C:\tools\jpos-2.1.1-SNAPSHOT\jpos-2.1.1-SNAPSHOT\deploy\20_mux_jpos.xml
  </info>
</log>
<log realm="Q2.system" at="2019-11-18T00:27:06.707" lifespan="1ms">
  <info>
    modified deploy/20_mux_jpos.xml
  </info>
</log>
<log realm="Q2.system" at="2019-11-18T00:27:18.804">
  <info>
    created deploy/30_txnmgr.xml
  </info>
</log>
<log realm="Q2.system" at="2019-11-18T00:27:18.810" lifespan="1ms">
  <info>
    removed deploy/30_txnmgr.xml
  </info>
</log>
<log realm="Q2.system" at="2019-11-18T00:27:19.231">
  <info>
    created deploy/30_txnmgr.xml
  </info>
</log>
<log realm="Q2.system" at="2019-11-18T00:27:19.282" lifespan="41ms">
  <info>
    deploy: C:\tools\jpos-2.1.1-SNAPSHOT\jpos-2.1.1-SNAPSHOT\deploy\30_txnmgr.xml
  </info>
</log>
<log realm="org.jpos.transaction.TransactionManager" at="2019-11-18T00:27:19.294">
  <info>
    start Thread[Thread-9,5,main]
  </info>
</log>
<log realm="org.jpos.transaction.TransactionManager" at="2019-11-18T00:27:19.306" lifespan="6ms">
  <info>
    start Thread[Thread-8,5,main]
  </info>
</log>
<log realm="Q2.system" at="2019-11-18T00:27:19.310" lifespan="13ms">
  <info>
    modified deploy/30_txnmgr.xml
  </info>
</log>
<log realm="Q2.system" at="2019-11-18T00:27:47.524">
  <info>
    shutting down (hook)
  </info>
</log>
<log realm="Q2.system" at="2019-11-18T00:27:49.439">
  <trace>
    undeploying:C:\tools\jpos-2.1.1-SNAPSHOT\jpos-2.1.1-SNAPSHOT\deploy\99_sysmon.xml
  </trace>
</log>
<log realm="org.jpos.q2.qbean.SystemMonitor" at="2019-11-18T00:27:49.444">
  <info>
    Stopping SystemMonitor
  </info>
</log>
<log realm="org.jpos.q2.qbean.SystemMonitor" at="2019-11-18T00:27:49.450">
  <info>
               OS: Windows 10 (10.0)
             Java: 1.8.0_231 (Oracle Corporation) AES-secure
     process name: 17640@DESKTOP-1QNUUJE
             host: DESKTOP-1QNUUJE/10.0.75.1
              cwd: C:\tools\jpos-2.1.1-SNAPSHOT\jpos-2.1.1-SNAPSHOT
       free space: 387.4 GiB
          version: 2.1.1-SNAPSHOT (a4d66c5)
         instance: b687302a-c3a2-4210-a694-2fe3256fb6b7
           uptime: 00:14:36.941 (-1.000000)
       processors: 4
           drift : 0
    memory(t/u/f): 182/23/158
         encoding: windows-1252
         timezone: Asia/Calcutta (India Time) +05:30
    watch service: sun.nio.fs.WindowsWatchService
            clock: 1574017069 2019-11-17T18:57:49.452Z
     thread count: 20
     peak threads: 21
     user threads: 15
            Thread[Reference Handler,10,system]
            Thread[Finalizer,8,system]
            Thread[Signal Dispatcher,9,system]
            Thread[Attach Listener,5,system]
            Thread[SIGINT handler,9,system]
            Thread[pool-1-thread-1,5,main]
            Thread[Q2-b687302a-c3a2-4210-a694-2fe3256fb6b7,5,main]
            Thread[DestroyJavaVM,5,main]
            Thread[Thread-1,5,main]
            Thread[Timer-0,5,main]
            Thread[SystemMonitor,5,main]
            Thread[Thread-4,5,main]
            Thread[channel-sender-jpos-send,5,main]
            Thread[channel-receiver-jpos-receive,5,main]
            Thread[Timer-1,5,main]
            Thread[txnmgr-1:idle,5,main]
            Thread[txnmgr-0:idle,5,main]
            Thread[pool-4-thread-1,5,main]
            Thread[Q2-ShutdownHook,5,main]
            Thread[xml-server-8000-ThreadPool.PooledThread-0-idle,5,xml-server-8000-ThreadPool-0]
    name-registrar:
      tspace:default: org.jpos.space.TSpace
        <key count='1'>jpos-channel.ready</key>
        <key count='1'>$TAILLOCK.2017351138</key>
         key-count: 2
            gcinfo: 0,0
      Q2: org.jpos.q2.Q2
      jpos-channel: org.jpos.q2.iso.ChannelAdaptor
        tx=0, rx=0, connects=1, last=0
      channel.jpos-channel: org.jpos.iso.channel.XMLChannel
      logger.Q2: org.jpos.util.Logger
      server.xml-server-8000: org.jpos.iso.ISOServer
        connected=0, rx=0, tx=0, last=0
      mux.jPOS-AUTORESPONDER: org.jpos.q2.iso.QMUX
        tx=0, rx=0, tx_expired=0, tx_pending=0, rx_expired=0, rx_pending=0, rx_unhandled=0, rx_forwarded=0, connected=true, last=0
      tspace:org.jpos.transaction.TransactionManager@783e55e2: org.jpos.space.TSpace
        <key count='1'>$TAIL</key>
        <key count='1'>$HEAD</key>
         key-count: 2
            gcinfo: 0,0
      xml-server-8000: org.jpos.q2.iso.QServer
      txnmgr: org.jpos.transaction.TransactionManager
        in-transit=0/0, head=1, tail=1, paused=0, outstanding=0, active-sessions=2/128, tps=0, peak=0, avg=0.00
  </info>
</log>
<log realm="Q2.system" at="2019-11-18T00:27:49.497" lifespan="47ms">
  <info>
    undeployed:C:\tools\jpos-2.1.1-SNAPSHOT\jpos-2.1.1-SNAPSHOT\deploy\99_sysmon.xml
  </info>
</log>
<log realm="Q2.system" at="2019-11-18T00:27:49.503">
  <trace>
    undeploying:C:\tools\jpos-2.1.1-SNAPSHOT\jpos-2.1.1-SNAPSHOT\deploy\50_xml_server.xml
  </trace>
</log>
<log realm="Q2.system" at="2019-11-18T00:27:49.510">
  <info>
    undeployed:C:\tools\jpos-2.1.1-SNAPSHOT\jpos-2.1.1-SNAPSHOT\deploy\50_xml_server.xml
  </info>
</log>
<log realm="xml-server-8000.pool" at="2019-11-18T00:27:49.516" lifespan="5ms">
  <queue closed/>
</log>
<log realm="Q2.system" at="2019-11-18T00:27:49.525" lifespan="8ms">
  <trace>
    undeploying:C:\tools\jpos-2.1.1-SNAPSHOT\jpos-2.1.1-SNAPSHOT\deploy\30_txnmgr.xml
  </trace>
</log>
<log realm="org.jpos.transaction.TransactionManager" at="2019-11-18T00:27:49.532">
  <info>
    stop Thread[txnmgr-0:idle,5,main], active sessions=1
  </info>
</log>
<log realm="org.jpos.transaction.TransactionManager" at="2019-11-18T00:27:49.542" lifespan="10ms">
  <info>
    stop Thread[txnmgr-1:idle,5,main], active sessions=0
  </info>
</log>
<log realm="Q2.system" at="2019-11-18T00:27:49.549">
  <info>
    undeployed:C:\tools\jpos-2.1.1-SNAPSHOT\jpos-2.1.1-SNAPSHOT\deploy\30_txnmgr.xml
  </info>
</log>
<log realm="Q2.system" at="2019-11-18T00:27:49.558">
  <trace>
    undeploying:C:\tools\jpos-2.1.1-SNAPSHOT\jpos-2.1.1-SNAPSHOT\deploy\20_mux_jpos.xml
  </trace>
</log>
<log realm="Q2.system" at="2019-11-18T00:27:49.563">
  <info>
    undeployed:C:\tools\jpos-2.1.1-SNAPSHOT\jpos-2.1.1-SNAPSHOT\deploy\20_mux_jpos.xml
  </info>
</log>
<log realm="Q2.system" at="2019-11-18T00:27:49.573">
  <trace>
    undeploying:C:\tools\jpos-2.1.1-SNAPSHOT\jpos-2.1.1-SNAPSHOT\deploy\10_channel_jpos.xml
  </trace>
</log>
<log realm="Q2.system" at="2019-11-18T00:27:49.581">
  <info>
    undeployed:C:\tools\jpos-2.1.1-SNAPSHOT\jpos-2.1.1-SNAPSHOT\deploy\10_channel_jpos.xml
  </info>
</log>
<log realm="Q2.system" at="2019-11-18T00:27:49.589">
  <trace>
    undeploying:C:\tools\jpos-2.1.1-SNAPSHOT\jpos-2.1.1-SNAPSHOT\deploy\00_logger.xml
  </trace>
</log>
</logger>
